<?xml version="1.0" encoding="UTF-8"?>
<testsuite xmlns:xsi="http://www.w3.org/2001/XMLSchema-instance" xsi:noNamespaceSchemaLocation="https://maven.apache.org/surefire/maven-surefire-plugin/xsd/surefire-test-report-3.0.xsd" version="3.0" name="SituatieStudentTest" time="0.047" tests="3" errors="0" skipped="0" failures="0">
  <properties>
    <property name="java.specification.version" value="17"/>
    <property name="sun.cpu.isalist" value="amd64"/>
    <property name="sun.jnu.encoding" value="Cp1252"/>
    <property name="java.class.path" value="C:\Users\Andreea\Desktop\SQMA_Constantin_Andreea\target\test-classes;C:\Users\Andreea\Desktop\SQMA_Constantin_Andreea\target\classes;C:\Users\Andreea\.m2\repository\org\junit\jupiter\junit-jupiter\5.9.1\junit-jupiter-5.9.1.jar;C:\Users\Andreea\.m2\repository\org\junit\jupiter\junit-jupiter-api\5.9.1\junit-jupiter-api-5.9.1.jar;C:\Users\Andreea\.m2\repository\org\opentest4j\opentest4j\1.2.0\opentest4j-1.2.0.jar;C:\Users\Andreea\.m2\repository\org\junit\platform\junit-platform-commons\1.9.1\junit-platform-commons-1.9.1.jar;C:\Users\Andreea\.m2\repository\org\apiguardian\apiguardian-api\1.1.2\apiguardian-api-1.1.2.jar;C:\Users\Andreea\.m2\repository\org\junit\jupiter\junit-jupiter-params\5.9.1\junit-jupiter-params-5.9.1.jar;C:\Users\Andreea\.m2\repository\org\junit\jupiter\junit-jupiter-engine\5.9.1\junit-jupiter-engine-5.9.1.jar;C:\Users\Andreea\.m2\repository\org\junit\platform\junit-platform-engine\1.9.1\junit-platform-engine-1.9.1.jar;"/>
    <property name="java.vm.vendor" value="Oracle Corporation"/>
    <property name="sun.arch.data.model" value="64"/>
    <property name="user.variant" value=""/>
    <property name="java.vendor.url" value="https://java.oracle.com/"/>
    <property name="user.timezone" value="Europe/Bucharest"/>
    <property name="os.name" value="Windows 10"/>
    <property name="java.vm.specification.version" value="17"/>
    <property name="sun.java.launcher" value="SUN_STANDARD"/>
    <property name="user.country" value="US"/>
    <property name="sun.boot.library.path" value="C:\Program Files\Java\jdk-17.0.1\bin"/>
    <property name="sun.java.command" value="C:\Users\Andreea\AppData\Local\Temp\surefire4680130140572269437\surefirebooter-20221219164220156_3.jar C:\Users\Andreea\AppData\Local\Temp\surefire4680130140572269437 2022-12-19T16-42-19_899-jvmRun1 surefire-20221219164220156_1tmp surefire_0-20221219164220156_2tmp"/>
    <property name="jdk.debug" value="release"/>
    <property name="test" value="SituatieStudentTest"/>
    <property name="surefire.test.class.path" value="C:\Users\Andreea\Desktop\SQMA_Constantin_Andreea\target\test-classes;C:\Users\Andreea\Desktop\SQMA_Constantin_Andreea\target\classes;C:\Users\Andreea\.m2\repository\org\junit\jupiter\junit-jupiter\5.9.1\junit-jupiter-5.9.1.jar;C:\Users\Andreea\.m2\repository\org\junit\jupiter\junit-jupiter-api\5.9.1\junit-jupiter-api-5.9.1.jar;C:\Users\Andreea\.m2\repository\org\opentest4j\opentest4j\1.2.0\opentest4j-1.2.0.jar;C:\Users\Andreea\.m2\repository\org\junit\platform\junit-platform-commons\1.9.1\junit-platform-commons-1.9.1.jar;C:\Users\Andreea\.m2\repository\org\apiguardian\apiguardian-api\1.1.2\apiguardian-api-1.1.2.jar;C:\Users\Andreea\.m2\repository\org\junit\jupiter\junit-jupiter-params\5.9.1\junit-jupiter-params-5.9.1.jar;C:\Users\Andreea\.m2\repository\org\junit\jupiter\junit-jupiter-engine\5.9.1\junit-jupiter-engine-5.9.1.jar;C:\Users\Andreea\.m2\repository\org\junit\platform\junit-platform-engine\1.9.1\junit-platform-engine-1.9.1.jar;"/>
    <property name="sun.cpu.endian" value="little"/>
    <property name="user.home" value="C:\Users\Andreea"/>
    <property name="user.language" value="en"/>
    <property name="java.specification.vendor" value="Oracle Corporation"/>
    <property name="java.version.date" value="2021-10-19"/>
    <property name="java.home" value="C:\Program Files\Java\jdk-17.0.1"/>
    <property name="file.separator" value="\"/>
    <property name="basedir" value="C:\Users\Andreea\Desktop\SQMA_Constantin_Andreea"/>
    <property name="java.vm.compressedOopsMode" value="Zero based"/>
    <property name="line.separator" value="&#10;"/>
    <property name="java.vm.specification.vendor" value="Oracle Corporation"/>
    <property name="java.specification.name" value="Java Platform API Specification"/>
    <property name="surefire.real.class.path" value="C:\Users\Andreea\AppData\Local\Temp\surefire4680130140572269437\surefirebooter-20221219164220156_3.jar"/>
    <property name="user.script" value=""/>
    <property name="sun.management.compiler" value="HotSpot 64-Bit Tiered Compilers"/>
    <property name="java.runtime.version" value="17.0.1+12-LTS-39"/>
    <property name="user.name" value="Andreea"/>
    <property name="path.separator" value=";"/>
    <property name="os.version" value="10.0"/>
    <property name="java.runtime.name" value="Java(TM) SE Runtime Environment"/>
    <property name="file.encoding" value="Cp1252"/>
    <property name="java.vm.name" value="Java HotSpot(TM) 64-Bit Server VM"/>
    <property name="localRepository" value="C:\Users\Andreea\.m2\repository"/>
    <property name="java.vendor.url.bug" value="https://bugreport.java.com/bugreport/"/>
    <property name="java.io.tmpdir" value="C:\Users\Andreea\AppData\Local\Temp\"/>
    <property name="java.version" value="17.0.1"/>
    <property name="user.dir" value="C:\Users\Andreea\Desktop\SQMA_Constantin_Andreea"/>
    <property name="os.arch" value="amd64"/>
    <property name="java.vm.specification.name" value="Java Virtual Machine Specification"/>
    <property name="sun.os.patch.level" value=""/>
    <property name="native.encoding" value="Cp1252"/>
    <property name="java.library.path" value="C:\Program Files\Java\jdk-17.0.1\bin;C:\Windows\Sun\Java\bin;C:\Windows\system32;C:\Windows;D:\workspace\apache-maven-3.8.6-bin\apache-maven-3.8.6\bin;C:\Program Files (x86)\VMware\VMware Player\bin\;C:\Windows\ffmpeg-2021-10-21-git-2aa343bb6f-full_build\bin;C:\Windows;C:\Windows\System32\Wbem;C:\Windows\System32\WindowsPowerShell\v1.0\;C:\Windows\System32\OpenSSH\;C:\Program Files\nodejs\;C:\Program Files\PuTTY\;C:\Program Files\Git\cmd;C:\Windows\ffmpeg;C:\Windows;C:\Windows\System32;C:\Program Files\Java\jdk-17.0.1\bin;C:\Users\Andreea\AppData\Local\Android\Sdk\ndk;C:\Program Files\apache-ant-1.10.12\bin;C:\php;C:\Users\Andreea\AppData\Local\Android\Sdk\platform-tools;C:\Program Files\Microsoft SQL Server\150\Tools\Binn\;C:\ProgramData\chocolatey\bin;C:\Program Files\MySQL\MySQL Shell 8.0\bin\;D:\;C:\Users\Andreea\AppData\Local\Programs\Python\Python39\Scripts\;C:\Users\Andreea\AppData\Local\Programs\Python\Python39\;C:\Users\Andreea\AppData\Local\Microsoft\WindowsApps;C:\Program Files\JetBrains\PyCharm 2021.2.2\bin;;C:\Program Files\PostgreSQL\14\bin;C:\Users\Andreea\AppData\Roaming\npm;C:\Users\Andreea\AppData\Local\Programs\Microsoft VS Code\bin;C:\Program Files\nodejs;C:\Windows\ffmpeg;C:\Windows\ffmpeg-2021-10-21-git-2aa343bb6f-full_build\bin;C:\Windows;C:\Windows\System32;C:\Program Files\JetBrains\IntelliJ IDEA 2021.3.3\bin;;C:\Users\Andreea\AppData\Local\Android\Sdk\ndk;C:\Program Files\apache-ant-1.10.12\bin;C:\php;C:\Users\Andreea\AppData\Local\Android\Sdk\platform-tools;C:\Program Files\Java\jdk-17.0.1\bin;D:\workspace\apache-maven-3.8.6-bin\apache-maven-3.8.6\bin;;."/>
    <property name="java.vm.info" value="mixed mode, sharing"/>
    <property name="java.vendor" value="Oracle Corporation"/>
    <property name="java.vm.version" value="17.0.1+12-LTS-39"/>
    <property name="sun.io.unicode.encoding" value="UnicodeLittle"/>
    <property name="java.class.version" value="61.0"/>
  </properties>
  <testcase name="areBursa" classname="SituatieStudentTest" time="0.031"/>
  <testcase name="eIntegralist" classname="SituatieStudentTest" time="0"/>
  <testcase name="calculMedie" classname="SituatieStudentTest" time="0"/>
</testsuite>